node:events:489
      throw er; // Unhandled 'error' event
      ^

Error: listen EADDRINUSE: address already in use :::3009
    at Server.setupListenHandle [as _listen2] (node:net:1823:16)
    at listenInCluster (node:net:1871:12)
    at Server.listen (node:net:1959:7)
    at Function.listen (/home/adbuls/visualisation/Twon-Simulations/Ranker/node_modules/express/lib/application.js:635:24)
    at Object.<anonymous> (/home/adbuls/visualisation/Twon-Simulations/Ranker/recommender.js:268:5)
    at Module._compile (node:internal/modules/cjs/loader:1255:14)
    at Module._extensions..js (node:internal/modules/cjs/loader:1309:10)
    at Module.load (node:internal/modules/cjs/loader:1113:32)
    at Module._load (node:internal/modules/cjs/loader:960:12)
    at Function.executeUserEntryPoint [as runMain] (node:internal/modules/run_main:83:12)
Emitted 'error' event on Server instance at:
    at emitErrorNT (node:net:1850:8)
    at process.processTicksAndRejections (node:internal/process/task_queues:82:21) {
  code: 'EADDRINUSE',
  errno: -98,
  syscall: 'listen',
  address: '::',
  port: 3009
}

Node.js v20.2.0
